<?xml version="1.0" encoding="UTF-8" ?>
<testsuite failures="0" time="0.07" errors="0" skipped="0" tests="4" name="it.javalinux.sibilla.plugins.scanner.RunsRepositoryTest">
  <properties>
    <property name="java.runtime.name" value="OpenJDK Runtime Environment"/>
    <property name="sun.boot.library.path" value="/usr/lib/jvm/java-1.6.0-openjdk-1.6.0.0.x86_64/jre/lib/amd64"/>
    <property name="java.vm.version" value="14.0-b16"/>
    <property name="java.vm.vendor" value="Sun Microsystems Inc."/>
    <property name="java.vendor.url" value="http://java.sun.com/"/>
    <property name="path.separator" value=":"/>
    <property name="java.vm.name" value="OpenJDK 64-Bit Server VM"/>
    <property name="file.encoding.pkg" value="sun.io"/>
    <property name="user.country" value="US"/>
    <property name="sun.java.launcher" value="SUN_STANDARD"/>
    <property name="sun.os.patch.level" value="unknown"/>
    <property name="java.vm.specification.name" value="Java Virtual Machine Specification"/>
    <property name="user.dir" value="/dati/project/testedby/mvn_plugin"/>
    <property name="java.runtime.version" value="1.6.0_18-b18"/>
    <property name="java.awt.graphicsenv" value="sun.awt.X11GraphicsEnvironment"/>
    <property name="basedir" value="/dati/project/testedby/mvn_plugin"/>
    <property name="java.endorsed.dirs" value="/usr/lib/jvm/java-1.6.0-openjdk-1.6.0.0.x86_64/jre/lib/endorsed"/>
    <property name="os.arch" value="amd64"/>
    <property name="surefire.real.class.path" value="/tmp/surefirebooter6327646244916855974.jar"/>
    <property name="java.io.tmpdir" value="/tmp"/>
    <property name="line.separator" value="
"/>
    <property name="java.vm.specification.vendor" value="Sun Microsystems Inc."/>
    <property name="os.name" value="Linux"/>
    <property name="sun.jnu.encoding" value="UTF-8"/>
    <property name="java.library.path" value="/usr/lib/jvm/java-1.6.0-openjdk-1.6.0.0.x86_64/jre/lib/amd64/server:/usr/lib/jvm/java-1.6.0-openjdk-1.6.0.0.x86_64/jre/lib/amd64:/usr/lib/jvm/java-1.6.0-openjdk-1.6.0.0.x86_64/jre/../lib/amd64:/usr/java/packages/lib/amd64:/usr/lib64:/lib64:/lib:/usr/lib"/>
    <property name="surefire.test.class.path" value="/dati/project/testedby/mvn_plugin/target/test-classes:/dati/project/testedby/mvn_plugin/target/classes:/home/maeste/.m2/repository/org/apache/maven/maven-plugin-api/2.0/maven-plugin-api-2.0.jar:/home/maeste/.m2/repository/org/apache/maven/maven-artifact/2.0/maven-artifact-2.0.jar:/home/maeste/.m2/repository/org/codehaus/plexus/plexus-utils/1.0.4/plexus-utils-1.0.4.jar:/home/maeste/.m2/repository/org/apache/maven/maven-project/2.0/maven-project-2.0.jar:/home/maeste/.m2/repository/org/apache/maven/maven-profile/2.0/maven-profile-2.0.jar:/home/maeste/.m2/repository/org/apache/maven/maven-model/2.0/maven-model-2.0.jar:/home/maeste/.m2/repository/org/codehaus/plexus/plexus-container-default/1.0-alpha-8/plexus-container-default-1.0-alpha-8.jar:/home/maeste/.m2/repository/junit/junit/4.7/junit-4.7.jar:/home/maeste/.m2/repository/classworlds/classworlds/1.1-alpha-2/classworlds-1.1-alpha-2.jar:/home/maeste/.m2/repository/org/apache/maven/maven-artifact-manager/2.0/maven-artifact-manager-2.0.jar:/home/maeste/.m2/repository/org/apache/maven/maven-repository-metadata/2.0/maven-repository-metadata-2.0.jar:/home/maeste/.m2/repository/org/apache/maven/wagon/wagon-provider-api/1.0-alpha-5/wagon-provider-api-1.0-alpha-5.jar:/home/maeste/.m2/repository/org/codehaus/plexus/plexus-compiler-api/1.5.3/plexus-compiler-api-1.5.3.jar:/home/maeste/.m2/repository/it/javalinux/sibilla/Sibilla/0.0.1-SNAPSHOT/Sibilla-0.0.1-SNAPSHOT.jar:/home/maeste/.m2/repository/org/javassist/javassist/3.13.0-GA/javassist-3.13.0-GA.jar:/home/maeste/.m2/repository/com/thoughtworks/xstream/xstream/1.2.2/xstream-1.2.2.jar:/home/maeste/.m2/repository/xpp3/xpp3_min/1.1.3.4.O/xpp3_min-1.1.3.4.O.jar:/home/maeste/.m2/repository/org/hamcrest/hamcrest-all/1.1/hamcrest-all-1.1.jar:/home/maeste/.m2/repository/org/mockito/mockito-all/1.8.0/mockito-all-1.8.0.jar:/home/maeste/.m2/repository/org/apache/maven/shared/maven-plugin-testing-harness/1.0-beta-1/maven-plugin-testing-harness-1.0-beta-1.jar:/home/maeste/.m2/repository/org/apache/maven/maven-core/2.0/maven-core-2.0.jar:/home/maeste/.m2/repository/org/apache/maven/maven-settings/2.0/maven-settings-2.0.jar:/home/maeste/.m2/repository/org/apache/maven/wagon/wagon-file/1.0-alpha-5/wagon-file-1.0-alpha-5.jar:/home/maeste/.m2/repository/org/apache/maven/maven-plugin-parameter-documenter/2.0/maven-plugin-parameter-documenter-2.0.jar:/home/maeste/.m2/repository/org/apache/maven/wagon/wagon-http-lightweight/1.0-alpha-5/wagon-http-lightweight-1.0-alpha-5.jar:/home/maeste/.m2/repository/org/apache/maven/reporting/maven-reporting-api/2.0/maven-reporting-api-2.0.jar:/home/maeste/.m2/repository/doxia/doxia-sink-api/1.0-alpha-4/doxia-sink-api-1.0-alpha-4.jar:/home/maeste/.m2/repository/org/apache/maven/maven-error-diagnostics/2.0/maven-error-diagnostics-2.0.jar:/home/maeste/.m2/repository/org/apache/maven/maven-plugin-registry/2.0/maven-plugin-registry-2.0.jar:/home/maeste/.m2/repository/commons-cli/commons-cli/1.0/commons-cli-1.0.jar:/home/maeste/.m2/repository/org/apache/maven/maven-plugin-descriptor/2.0/maven-plugin-descriptor-2.0.jar:/home/maeste/.m2/repository/org/codehaus/plexus/plexus-interactivity-api/1.0-alpha-4/plexus-interactivity-api-1.0-alpha-4.jar:/home/maeste/.m2/repository/org/apache/maven/maven-monitor/2.0/maven-monitor-2.0.jar:/home/maeste/.m2/repository/org/apache/maven/wagon/wagon-ssh/1.0-alpha-5/wagon-ssh-1.0-alpha-5.jar:/home/maeste/.m2/repository/com/jcraft/jsch/0.1.23/jsch-0.1.23.jar:/home/maeste/.m2/repository/org/apache/maven/plugins/maven-compiler-plugin/2.0.2/maven-compiler-plugin-2.0.2.jar:/home/maeste/.m2/repository/org/codehaus/plexus/plexus-compiler-manager/1.5.3/plexus-compiler-manager-1.5.3.jar:/home/maeste/.m2/repository/org/codehaus/plexus/plexus-compiler-javac/1.5.3/plexus-compiler-javac-1.5.3.jar:"/>
    <property name="java.specification.name" value="Java Platform API Specification"/>
    <property name="java.class.version" value="50.0"/>
    <property name="sun.management.compiler" value="HotSpot 64-Bit Server Compiler"/>
    <property name="os.version" value="2.6.34.7-56.fc13.x86_64"/>
    <property name="user.home" value="/home/maeste"/>
    <property name="user.timezone" value="Europe/Rome"/>
    <property name="java.awt.printerjob" value="sun.print.PSPrinterJob"/>
    <property name="file.encoding" value="UTF-8"/>
    <property name="java.specification.version" value="1.6"/>
    <property name="user.name" value="maeste"/>
    <property name="java.class.path" value="/dati/project/testedby/mvn_plugin/target/test-classes:/dati/project/testedby/mvn_plugin/target/classes:/home/maeste/.m2/repository/org/apache/maven/maven-plugin-api/2.0/maven-plugin-api-2.0.jar:/home/maeste/.m2/repository/org/apache/maven/maven-artifact/2.0/maven-artifact-2.0.jar:/home/maeste/.m2/repository/org/codehaus/plexus/plexus-utils/1.0.4/plexus-utils-1.0.4.jar:/home/maeste/.m2/repository/org/apache/maven/maven-project/2.0/maven-project-2.0.jar:/home/maeste/.m2/repository/org/apache/maven/maven-profile/2.0/maven-profile-2.0.jar:/home/maeste/.m2/repository/org/apache/maven/maven-model/2.0/maven-model-2.0.jar:/home/maeste/.m2/repository/org/codehaus/plexus/plexus-container-default/1.0-alpha-8/plexus-container-default-1.0-alpha-8.jar:/home/maeste/.m2/repository/junit/junit/4.7/junit-4.7.jar:/home/maeste/.m2/repository/classworlds/classworlds/1.1-alpha-2/classworlds-1.1-alpha-2.jar:/home/maeste/.m2/repository/org/apache/maven/maven-artifact-manager/2.0/maven-artifact-manager-2.0.jar:/home/maeste/.m2/repository/org/apache/maven/maven-repository-metadata/2.0/maven-repository-metadata-2.0.jar:/home/maeste/.m2/repository/org/apache/maven/wagon/wagon-provider-api/1.0-alpha-5/wagon-provider-api-1.0-alpha-5.jar:/home/maeste/.m2/repository/org/codehaus/plexus/plexus-compiler-api/1.5.3/plexus-compiler-api-1.5.3.jar:/home/maeste/.m2/repository/it/javalinux/sibilla/Sibilla/0.0.1-SNAPSHOT/Sibilla-0.0.1-SNAPSHOT.jar:/home/maeste/.m2/repository/org/javassist/javassist/3.13.0-GA/javassist-3.13.0-GA.jar:/home/maeste/.m2/repository/com/thoughtworks/xstream/xstream/1.2.2/xstream-1.2.2.jar:/home/maeste/.m2/repository/xpp3/xpp3_min/1.1.3.4.O/xpp3_min-1.1.3.4.O.jar:/home/maeste/.m2/repository/org/hamcrest/hamcrest-all/1.1/hamcrest-all-1.1.jar:/home/maeste/.m2/repository/org/mockito/mockito-all/1.8.0/mockito-all-1.8.0.jar:/home/maeste/.m2/repository/org/apache/maven/shared/maven-plugin-testing-harness/1.0-beta-1/maven-plugin-testing-harness-1.0-beta-1.jar:/home/maeste/.m2/repository/org/apache/maven/maven-core/2.0/maven-core-2.0.jar:/home/maeste/.m2/repository/org/apache/maven/maven-settings/2.0/maven-settings-2.0.jar:/home/maeste/.m2/repository/org/apache/maven/wagon/wagon-file/1.0-alpha-5/wagon-file-1.0-alpha-5.jar:/home/maeste/.m2/repository/org/apache/maven/maven-plugin-parameter-documenter/2.0/maven-plugin-parameter-documenter-2.0.jar:/home/maeste/.m2/repository/org/apache/maven/wagon/wagon-http-lightweight/1.0-alpha-5/wagon-http-lightweight-1.0-alpha-5.jar:/home/maeste/.m2/repository/org/apache/maven/reporting/maven-reporting-api/2.0/maven-reporting-api-2.0.jar:/home/maeste/.m2/repository/doxia/doxia-sink-api/1.0-alpha-4/doxia-sink-api-1.0-alpha-4.jar:/home/maeste/.m2/repository/org/apache/maven/maven-error-diagnostics/2.0/maven-error-diagnostics-2.0.jar:/home/maeste/.m2/repository/org/apache/maven/maven-plugin-registry/2.0/maven-plugin-registry-2.0.jar:/home/maeste/.m2/repository/commons-cli/commons-cli/1.0/commons-cli-1.0.jar:/home/maeste/.m2/repository/org/apache/maven/maven-plugin-descriptor/2.0/maven-plugin-descriptor-2.0.jar:/home/maeste/.m2/repository/org/codehaus/plexus/plexus-interactivity-api/1.0-alpha-4/plexus-interactivity-api-1.0-alpha-4.jar:/home/maeste/.m2/repository/org/apache/maven/maven-monitor/2.0/maven-monitor-2.0.jar:/home/maeste/.m2/repository/org/apache/maven/wagon/wagon-ssh/1.0-alpha-5/wagon-ssh-1.0-alpha-5.jar:/home/maeste/.m2/repository/com/jcraft/jsch/0.1.23/jsch-0.1.23.jar:/home/maeste/.m2/repository/org/apache/maven/plugins/maven-compiler-plugin/2.0.2/maven-compiler-plugin-2.0.2.jar:/home/maeste/.m2/repository/org/codehaus/plexus/plexus-compiler-manager/1.5.3/plexus-compiler-manager-1.5.3.jar:/home/maeste/.m2/repository/org/codehaus/plexus/plexus-compiler-javac/1.5.3/plexus-compiler-javac-1.5.3.jar:"/>
    <property name="java.vm.specification.version" value="1.0"/>
    <property name="sun.arch.data.model" value="64"/>
    <property name="java.home" value="/usr/lib/jvm/java-1.6.0-openjdk-1.6.0.0.x86_64/jre"/>
    <property name="java.specification.vendor" value="Sun Microsystems Inc."/>
    <property name="user.language" value="en"/>
    <property name="java.vm.info" value="mixed mode"/>
    <property name="java.version" value="1.6.0_18"/>
    <property name="java.ext.dirs" value="/usr/lib/jvm/java-1.6.0-openjdk-1.6.0.0.x86_64/jre/lib/ext:/usr/java/packages/lib/ext"/>
    <property name="sun.boot.class.path" value="/usr/lib/jvm/java-1.6.0-openjdk-1.6.0.0.x86_64/jre/lib/resources.jar:/usr/lib/jvm/java-1.6.0-openjdk-1.6.0.0.x86_64/jre/lib/rt.jar:/usr/lib/jvm/java-1.6.0-openjdk-1.6.0.0.x86_64/jre/lib/sunrsasign.jar:/usr/lib/jvm/java-1.6.0-openjdk-1.6.0.0.x86_64/jre/lib/jsse.jar:/usr/lib/jvm/java-1.6.0-openjdk-1.6.0.0.x86_64/jre/lib/jce.jar:/usr/lib/jvm/java-1.6.0-openjdk-1.6.0.0.x86_64/jre/lib/charsets.jar:/usr/lib/jvm/java-1.6.0-openjdk-1.6.0.0.x86_64/jre/lib/rhino.jar:/usr/lib/jvm/java-1.6.0-openjdk-1.6.0.0.x86_64/jre/classes"/>
    <property name="java.vendor" value="Sun Microsystems Inc."/>
    <property name="localRepository" value="/home/maeste/.m2/repository"/>
    <property name="file.separator" value="/"/>
    <property name="java.vendor.url.bug" value="http://java.sun.com/cgi-bin/bugreport.cgi"/>
    <property name="sun.cpu.endian" value="little"/>
    <property name="sun.io.unicode.encoding" value="UnicodeLittle"/>
    <property name="sun.desktop" value="gnome"/>
    <property name="sun.cpu.isalist" value=""/>
  </properties>
  <testcase time="0.026" classname="it.javalinux.sibilla.plugins.scanner.RunsRepositoryTest" name="shouldCorrectlySerializeAndDeserialize"/>
  <testcase time="0.001" classname="it.javalinux.sibilla.plugins.scanner.RunsRepositoryTest" name="shouldClearContents"/>
  <testcase time="0.002" classname="it.javalinux.sibilla.plugins.scanner.RunsRepositoryTest" name="shouldWorkWithDefaultName"/>
  <testcase time="0.003" classname="it.javalinux.sibilla.plugins.scanner.RunsRepositoryTest" name="shouldLoadAndOverwriteWithAdditions"/>
</testsuite>